c:\users\sutia\desktop\genmc_run\gmc_run\gmc_run\obj\x64\debug\-19271171.compileuptodatefile.tlog
c:\users\sutia\desktop\genmc_run\gmc_run\gmc_run\obj\x64\debug\-19271171.linkuptodatefile.tlog
c:\users\sutia\desktop\genmc_run\gmc_run\gmc_run\obj\x64\debug\-19271171.copysourcesuptodatefile.tlog
c:\users\sutia\desktop\genmc_run\gmc_run\gmc_run\obj\x64\debug\-19271171.local_remote_pathmapping.tlog
c:\users\sutia\desktop\genmc_run\gmc_run\gmc_run\obj\x64\debug\-19271171.remoteprojectdirfile.tlog
c:\users\sutia\desktop\genmc_run\gmc_run\gmc_run\obj\x64\debug\66409556.compileuptodatefile.tlog
c:\users\sutia\desktop\genmc_run\gmc_run\gmc_run\obj\x64\debug\66409556.copysourcesuptodatefile.tlog
c:\users\sutia\desktop\genmc_run\gmc_run\gmc_run\obj\x64\debug\66409556.local_remote_pathmapping.tlog
c:\users\sutia\desktop\genmc_run\gmc_run\gmc_run\obj\x64\debug\66409556.remoteprojectdirfile.tlog
c:\users\sutia\desktop\genmc_run\gmc_run\gmc_run\obj\x64\debug\768228828.compileuptodatefile.tlog
c:\users\sutia\desktop\genmc_run\gmc_run\gmc_run\obj\x64\debug\768228828.copysourcesuptodatefile.tlog
c:\users\sutia\desktop\genmc_run\gmc_run\gmc_run\obj\x64\debug\768228828.linkuptodatefile.tlog
c:\users\sutia\desktop\genmc_run\gmc_run\gmc_run\obj\x64\debug\768228828.local_remote_pathmapping.tlog
c:\users\sutia\desktop\genmc_run\gmc_run\gmc_run\obj\x64\debug\768228828.remoteprojectdirfile.tlog
c:\users\sutia\desktop\genmc_run\gmc_run\gmc_run\obj\x64\debug\lastremotetarget.tlog
c:\users\sutia\desktop\genmc_run\gmc_run\gmc_run\bin\x64\debug\gmc_run.out
c:\users\sutia\desktop\genmc_run\gmc_run\gmc_run\obj\x64\debug\gmc_run.vcxproj.filelistabsolute.txt
c:\users\sutia\desktop\genmc_run\gmc_run\gmc_run\obj\x64\debug\gmc_run.tlog\cl.items.tlog
c:\users\sutia\desktop\genmc_run\gmc_run\gmc_run\obj\x64\debug\gmc_run.tlog\compile.read.1.tlog
c:\users\sutia\desktop\genmc_run\gmc_run\gmc_run\obj\x64\debug\gmc_run.tlog\compile.write.1.tlog
c:\users\sutia\desktop\genmc_run\gmc_run\gmc_run\obj\x64\debug\gmc_run.tlog\link.write.1.tlog
