  Validating sources
  Copying sources remotely to 'mirage.mechse.illinois.edu'
  Validating architecture
  Validating architecture
  Starting remote build
  Compiling sources:
  session.cpp
C:\Users\brian\OneDrive\Documents\GitHub\GenMC_Run\GMC_Run\GMC_Run\utils.h(48,48): warning : conversion to ‘float’ alters ‘double’ constant value [-Wconversion]
C:\Users\brian\OneDrive\Documents\GitHub\GenMC_Run\GMC_Run\GMC_Run\utils.h(48,48): warning :  bool fcomp(float a, float b, float tol = 0.0001);
C:\Users\brian\OneDrive\Documents\GitHub\GenMC_Run\GMC_Run\GMC_Run\utils.h(48,48): warning :                                                 ^
C:\Users\brian\OneDrive\Documents\GitHub\GenMC_Run\GMC_Run\GMC_Run\utils.h(49,75): warning : conversion to ‘float’ alters ‘double’ constant value [-Wconversion]
C:\Users\brian\OneDrive\Documents\GitHub\GenMC_Run\GMC_Run\GMC_Run\utils.h(49,75): warning :  bool pos_comp(vector<float>& pos1, vector<float>& pos2, float tol = 0.0001);
C:\Users\brian\OneDrive\Documents\GitHub\GenMC_Run\GMC_Run\GMC_Run\utils.h(49,75): warning :                                                                            ^
C:\Users\brian\OneDrive\Documents\GitHub\GenMC_Run\GMC_Run\GMC_Run\session.cpp(20,39): warning : comparison between signed and unsigned integer expressions [-Wsign-compare]
C:\Users\brian\OneDrive\Documents\GitHub\GenMC_Run\GMC_Run\GMC_Run\session.cpp(20,39): warning :   for (int i = 0; i < input_lines.size(); i++) {
C:\Users\brian\OneDrive\Documents\GitHub\GenMC_Run\GMC_Run\GMC_Run\session.cpp(20,39): warning :                                        ^
C:\Users\brian\OneDrive\Documents\GitHub\GenMC_Run\GMC_Run\GMC_Run\session.cpp(58,37): warning : comparison between signed and unsigned integer expressions [-Wsign-compare]
C:\Users\brian\OneDrive\Documents\GitHub\GenMC_Run\GMC_Run\GMC_Run\session.cpp(58,37): warning :     for (int j = 2; j < setting.size(); j++) {
C:\Users\brian\OneDrive\Documents\GitHub\GenMC_Run\GMC_Run\GMC_Run\session.cpp(58,37): warning :                                      ^
C:\Users\brian\OneDrive\Documents\GitHub\GenMC_Run\GMC_Run\GMC_Run\session.cpp(64,37): warning : comparison between signed and unsigned integer expressions [-Wsign-compare]
C:\Users\brian\OneDrive\Documents\GitHub\GenMC_Run\GMC_Run\GMC_Run\session.cpp(64,37): warning :     for (int j = 2; j < setting.size(); j++) {
C:\Users\brian\OneDrive\Documents\GitHub\GenMC_Run\GMC_Run\GMC_Run\session.cpp(64,37): warning :                                      ^
C:\Users\brian\OneDrive\Documents\GitHub\GenMC_Run\GMC_Run\GMC_Run\session.cpp(69,37): warning : comparison between signed and unsigned integer expressions [-Wsign-compare]
C:\Users\brian\OneDrive\Documents\GitHub\GenMC_Run\GMC_Run\GMC_Run\session.cpp(69,37): warning :     for (int j = 2; j < setting.size(); j++) {
C:\Users\brian\OneDrive\Documents\GitHub\GenMC_Run\GMC_Run\GMC_Run\session.cpp(69,37): warning :                                      ^
C:\Users\brian\OneDrive\Documents\GitHub\GenMC_Run\GMC_Run\GMC_Run\session.cpp(91,39): warning : comparison between signed and unsigned integer expressions [-Wsign-compare]
C:\Users\brian\OneDrive\Documents\GitHub\GenMC_Run\GMC_Run\GMC_Run\session.cpp(91,39): warning :    for (int i = 0; i < atom_numbs.size(); i++) {
C:\Users\brian\OneDrive\Documents\GitHub\GenMC_Run\GMC_Run\GMC_Run\session.cpp(91,39): warning :                                        ^
C:\Users\brian\OneDrive\Documents\GitHub\GenMC_Run\GMC_Run\GMC_Run\session.cpp(165,39): warning : comparison between signed and unsigned integer expressions [-Wsign-compare]
C:\Users\brian\OneDrive\Documents\GitHub\GenMC_Run\GMC_Run\GMC_Run\session.cpp(165,39): warning :   for (int i = 0; i < input_lines.size(); i++) {
C:\Users\brian\OneDrive\Documents\GitHub\GenMC_Run\GMC_Run\GMC_Run\session.cpp(165,39): warning :                                        ^
C:\Users\brian\OneDrive\Documents\GitHub\GenMC_Run\GMC_Run\GMC_Run\session.cpp(167,36): warning : comparison between signed and unsigned integer expressions [-Wsign-compare]
C:\Users\brian\OneDrive\Documents\GitHub\GenMC_Run\GMC_Run\GMC_Run\session.cpp(167,36): warning :    for (int j = 0; j < setting.size(); j++) { atom_spin_states.push_back(stof(setting[j])); }
C:\Users\brian\OneDrive\Documents\GitHub\GenMC_Run\GMC_Run\GMC_Run\session.cpp(167,36): warning :                                     ^
C:\Users\brian\OneDrive\Documents\GitHub\GenMC_Run\GMC_Run\GMC_Run\session.cpp(204,39): warning : comparison between signed and unsigned integer expressions [-Wsign-compare]
C:\Users\brian\OneDrive\Documents\GitHub\GenMC_Run\GMC_Run\GMC_Run\session.cpp(204,39): warning :    for (int i = 0; i < rule_lines.size(); i++) {
C:\Users\brian\OneDrive\Documents\GitHub\GenMC_Run\GMC_Run\GMC_Run\session.cpp(204,39): warning :                                        ^
C:\Users\brian\OneDrive\Documents\GitHub\GenMC_Run\GMC_Run\GMC_Run\session.cpp(206,60): warning : comparison between signed and unsigned integer expressions [-Wsign-compare]
C:\Users\brian\OneDrive\Documents\GitHub\GenMC_Run\GMC_Run\GMC_Run\session.cpp(206,60): warning :      if (phase.size() == 0) { for (int j = 0; j < enrg.size(); j++) { phase.push_back(0); } }
C:\Users\brian\OneDrive\Documents\GitHub\GenMC_Run\GMC_Run\GMC_Run\session.cpp(206,60): warning :                                                             ^
C:\Users\brian\OneDrive\Documents\GitHub\GenMC_Run\GMC_Run\GMC_Run\session.cpp(209,36): warning : comparison between signed and unsigned integer expressions [-Wsign-compare]
C:\Users\brian\OneDrive\Documents\GitHub\GenMC_Run\GMC_Run\GMC_Run\session.cpp(209,36): warning :      for (int j = 0; j < motif.size(); j++) {
C:\Users\brian\OneDrive\Documents\GitHub\GenMC_Run\GMC_Run\GMC_Run\session.cpp(209,36): warning :                                     ^
C:\Users\brian\OneDrive\Documents\GitHub\GenMC_Run\GMC_Run\GMC_Run\session.cpp(210,36): warning : comparison between signed and unsigned integer expressions [-Wsign-compare]
C:\Users\brian\OneDrive\Documents\GitHub\GenMC_Run\GMC_Run\GMC_Run\session.cpp(210,36): warning :       for (int k = 0; k < enrg.size(); k++) {
C:\Users\brian\OneDrive\Documents\GitHub\GenMC_Run\GMC_Run\GMC_Run\session.cpp(210,36): warning :                                     ^
C:\Users\brian\OneDrive\Documents\GitHub\GenMC_Run\GMC_Run\GMC_Run\session.cpp(211,112): warning : conversion to ‘float’ from ‘__gnu_cxx::__alloc_traits<std::allocator<double> >::value_type {aka double}’ may alter its value [-Wconversion]
C:\Users\brian\OneDrive\Documents\GitHub\GenMC_Run\GMC_Run\GMC_Run\session.cpp(211,112): warning :        if (type == 0) { chem_rule_list.push_back(Rule(enrg[k], type, phase[k], deco[k], motif[j], chem_clust_ind)); }
C:\Users\brian\OneDrive\Documents\GitHub\GenMC_Run\GMC_Run\GMC_Run\session.cpp(211,112): warning :                                                                                                                 ^
C:\Users\brian\OneDrive\Documents\GitHub\GenMC_Run\GMC_Run\GMC_Run\session.cpp(213,112): warning : conversion to ‘float’ from ‘__gnu_cxx::__alloc_traits<std::allocator<double> >::value_type {aka double}’ may alter its value [-Wconversion]
C:\Users\brian\OneDrive\Documents\GitHub\GenMC_Run\GMC_Run\GMC_Run\session.cpp(213,112): warning :        if (type == 1) { spin_rule_list.push_back(Rule(enrg[k], type, phase[k], deco[k], motif[j], spin_clust_ind)); }
C:\Users\brian\OneDrive\Documents\GitHub\GenMC_Run\GMC_Run\GMC_Run\session.cpp(213,112): warning :                                                                                                                 ^
C:\Users\brian\OneDrive\Documents\GitHub\GenMC_Run\GMC_Run\GMC_Run\session.cpp(242,38): warning : comparison between signed and unsigned integer expressions [-Wsign-compare]
C:\Users\brian\OneDrive\Documents\GitHub\GenMC_Run\GMC_Run\GMC_Run\session.cpp(242,38): warning :         for (int j = 0; j < line.size(); j++) {
C:\Users\brian\OneDrive\Documents\GitHub\GenMC_Run\GMC_Run\GMC_Run\session.cpp(242,38): warning :                                       ^
C:\Users\brian\OneDrive\Documents\GitHub\GenMC_Run\GMC_Run\GMC_Run\session.cpp(256,35): warning : comparison between signed and unsigned integer expressions [-Wsign-compare]
C:\Users\brian\OneDrive\Documents\GitHub\GenMC_Run\GMC_Run\GMC_Run\session.cpp(256,35): warning :      for (int j = 0; j < line.size(); j++) {
C:\Users\brian\OneDrive\Documents\GitHub\GenMC_Run\GMC_Run\GMC_Run\session.cpp(256,35): warning :                                    ^
C:\Users\brian\OneDrive\Documents\GitHub\GenMC_Run\GMC_Run\GMC_Run\session.cpp(259,37): warning : comparison between signed and unsigned integer expressions [-Wsign-compare]
C:\Users\brian\OneDrive\Documents\GitHub\GenMC_Run\GMC_Run\GMC_Run\session.cpp(259,37): warning :       for (int k = 0; k < specs.size(); k++) {
C:\Users\brian\OneDrive\Documents\GitHub\GenMC_Run\GMC_Run\GMC_Run\session.cpp(259,37): warning :                                      ^
C:\Users\brian\OneDrive\Documents\GitHub\GenMC_Run\GMC_Run\GMC_Run\session.cpp(273,36): warning : comparison between signed and unsigned integer expressions [-Wsign-compare]
C:\Users\brian\OneDrive\Documents\GitHub\GenMC_Run\GMC_Run\GMC_Run\session.cpp(273,36): warning :       for (int j = 0; j < line.size(); j++) {
C:\Users\brian\OneDrive\Documents\GitHub\GenMC_Run\GMC_Run\GMC_Run\session.cpp(273,36): warning :                                     ^
C:\Users\brian\OneDrive\Documents\GitHub\GenMC_Run\GMC_Run\GMC_Run\session.cpp(281,35): warning : comparison between signed and unsigned integer expressions [-Wsign-compare]
C:\Users\brian\OneDrive\Documents\GitHub\GenMC_Run\GMC_Run\GMC_Run\session.cpp(281,35): warning :      for (int j = 0; j < line.size(); j++) {
C:\Users\brian\OneDrive\Documents\GitHub\GenMC_Run\GMC_Run\GMC_Run\session.cpp(281,35): warning :                                    ^
C:\Users\brian\OneDrive\Documents\GitHub\GenMC_Run\GMC_Run\GMC_Run\session.cpp(321,38): warning : comparison between signed and unsigned integer expressions [-Wsign-compare]
C:\Users\brian\OneDrive\Documents\GitHub\GenMC_Run\GMC_Run\GMC_Run\session.cpp(321,38): warning :    for (int i = 0; i < sro_lines.size(); i++) {
C:\Users\brian\OneDrive\Documents\GitHub\GenMC_Run\GMC_Run\GMC_Run\session.cpp(321,38): warning :                                       ^
C:\Users\brian\OneDrive\Documents\GitHub\GenMC_Run\GMC_Run\GMC_Run\session.cpp(323,60): warning : comparison between signed and unsigned integer expressions [-Wsign-compare]
C:\Users\brian\OneDrive\Documents\GitHub\GenMC_Run\GMC_Run\GMC_Run\session.cpp(323,60): warning :      if (phase.size() == 0) { for (int j = 0; j < enrg.size(); j++) { phase.push_back(0); } }
C:\Users\brian\OneDrive\Documents\GitHub\GenMC_Run\GMC_Run\GMC_Run\session.cpp(323,60): warning :                                                             ^
C:\Users\brian\OneDrive\Documents\GitHub\GenMC_Run\GMC_Run\GMC_Run\session.cpp(325,36): warning : comparison between signed and unsigned integer expressions [-Wsign-compare]
C:\Users\brian\OneDrive\Documents\GitHub\GenMC_Run\GMC_Run\GMC_Run\session.cpp(325,36): warning :      for (int j = 0; j < motif.size(); j++) {
C:\Users\brian\OneDrive\Documents\GitHub\GenMC_Run\GMC_Run\GMC_Run\session.cpp(325,36): warning :                                     ^
C:\Users\brian\OneDrive\Documents\GitHub\GenMC_Run\GMC_Run\GMC_Run\session.cpp(326,36): warning : comparison between signed and unsigned integer expressions [-Wsign-compare]
C:\Users\brian\OneDrive\Documents\GitHub\GenMC_Run\GMC_Run\GMC_Run\session.cpp(326,36): warning :       for (int k = 0; k < enrg.size(); k++) {
C:\Users\brian\OneDrive\Documents\GitHub\GenMC_Run\GMC_Run\GMC_Run\session.cpp(326,36): warning :                                     ^
C:\Users\brian\OneDrive\Documents\GitHub\GenMC_Run\GMC_Run\GMC_Run\session.cpp(327,93): warning : conversion to ‘float’ from ‘__gnu_cxx::__alloc_traits<std::allocator<double> >::value_type {aka double}’ may alter its value [-Wconversion]
C:\Users\brian\OneDrive\Documents\GitHub\GenMC_Run\GMC_Run\GMC_Run\session.cpp(327,93): warning :        sro_rule_list.push_back(Rule(enrg[k], type, phase[k], deco[k], motif[j], sro_clust_ind));
C:\Users\brian\OneDrive\Documents\GitHub\GenMC_Run\GMC_Run\GMC_Run\session.cpp(327,93): warning :                                                                                              ^
C:\Users\brian\OneDrive\Documents\GitHub\GenMC_Run\GMC_Run\GMC_Run\session.cpp(358,38): warning : comparison between signed and unsigned integer expressions [-Wsign-compare]
C:\Users\brian\OneDrive\Documents\GitHub\GenMC_Run\GMC_Run\GMC_Run\session.cpp(358,38): warning :         for (int j = 0; j < line.size(); j++) {
C:\Users\brian\OneDrive\Documents\GitHub\GenMC_Run\GMC_Run\GMC_Run\session.cpp(358,38): warning :                                       ^
C:\Users\brian\OneDrive\Documents\GitHub\GenMC_Run\GMC_Run\GMC_Run\session.cpp(372,35): warning : comparison between signed and unsigned integer expressions [-Wsign-compare]
C:\Users\brian\OneDrive\Documents\GitHub\GenMC_Run\GMC_Run\GMC_Run\session.cpp(372,35): warning :      for (int j = 0; j < line.size(); j++) {
C:\Users\brian\OneDrive\Documents\GitHub\GenMC_Run\GMC_Run\GMC_Run\session.cpp(372,35): warning :                                    ^
C:\Users\brian\OneDrive\Documents\GitHub\GenMC_Run\GMC_Run\GMC_Run\session.cpp(375,37): warning : comparison between signed and unsigned integer expressions [-Wsign-compare]
C:\Users\brian\OneDrive\Documents\GitHub\GenMC_Run\GMC_Run\GMC_Run\session.cpp(375,37): warning :       for (int k = 0; k < specs.size(); k++) {
C:\Users\brian\OneDrive\Documents\GitHub\GenMC_Run\GMC_Run\GMC_Run\session.cpp(375,37): warning :                                      ^
C:\Users\brian\OneDrive\Documents\GitHub\GenMC_Run\GMC_Run\GMC_Run\session.cpp(389,36): warning : comparison between signed and unsigned integer expressions [-Wsign-compare]
C:\Users\brian\OneDrive\Documents\GitHub\GenMC_Run\GMC_Run\GMC_Run\session.cpp(389,36): warning :       for (int j = 0; j < line.size(); j++) {
C:\Users\brian\OneDrive\Documents\GitHub\GenMC_Run\GMC_Run\GMC_Run\session.cpp(389,36): warning :                                     ^
C:\Users\brian\OneDrive\Documents\GitHub\GenMC_Run\GMC_Run\GMC_Run\session.cpp(397,35): warning : comparison between signed and unsigned integer expressions [-Wsign-compare]
C:\Users\brian\OneDrive\Documents\GitHub\GenMC_Run\GMC_Run\GMC_Run\session.cpp(397,35): warning :      for (int j = 0; j < line.size(); j++) {
C:\Users\brian\OneDrive\Documents\GitHub\GenMC_Run\GMC_Run\GMC_Run\session.cpp(397,35): warning :                                    ^
C:\Users\brian\OneDrive\Documents\GitHub\GenMC_Run\GMC_Run\GMC_Run\session.cpp(412,42): warning : comparison between signed and unsigned integer expressions [-Wsign-compare]
C:\Users\brian\OneDrive\Documents\GitHub\GenMC_Run\GMC_Run\GMC_Run\session.cpp(412,42): warning :   for (int i = 0; i < chem_rule_list.size(); i++) {
C:\Users\brian\OneDrive\Documents\GitHub\GenMC_Run\GMC_Run\GMC_Run\session.cpp(412,42): warning :                                           ^
C:\Users\brian\OneDrive\Documents\GitHub\GenMC_Run\GMC_Run\GMC_Run\session.cpp(413,57): warning : comparison between signed and unsigned integer expressions [-Wsign-compare]
C:\Users\brian\OneDrive\Documents\GitHub\GenMC_Run\GMC_Run\GMC_Run\session.cpp(413,57): warning :    for (int j = 0; j < chem_rule_list[i].GetDists().size(); j++) {
C:\Users\brian\OneDrive\Documents\GitHub\GenMC_Run\GMC_Run\GMC_Run\session.cpp(413,57): warning :                                                          ^
C:\Users\brian\OneDrive\Documents\GitHub\GenMC_Run\GMC_Run\GMC_Run\session.cpp(419,42): warning : comparison between signed and unsigned integer expressions [-Wsign-compare]
C:\Users\brian\OneDrive\Documents\GitHub\GenMC_Run\GMC_Run\GMC_Run\session.cpp(419,42): warning :   for (int i = 0; i < spin_rule_list.size(); i++) {
C:\Users\brian\OneDrive\Documents\GitHub\GenMC_Run\GMC_Run\GMC_Run\session.cpp(419,42): warning :                                           ^
C:\Users\brian\OneDrive\Documents\GitHub\GenMC_Run\GMC_Run\GMC_Run\session.cpp(420,57): warning : comparison between signed and unsigned integer expressions [-Wsign-compare]
C:\Users\brian\OneDrive\Documents\GitHub\GenMC_Run\GMC_Run\GMC_Run\session.cpp(420,57): warning :    for (int j = 0; j < spin_rule_list[i].GetDists().size(); j++) {
C:\Users\brian\OneDrive\Documents\GitHub\GenMC_Run\GMC_Run\GMC_Run\session.cpp(420,57): warning :                                                          ^
  Linking objects
  GMC_Run.vcxproj -> C:\Users\brian\OneDrive\Documents\GitHub\GenMC_Run\GMC_Run\GMC_Run\bin\x64\Debug\GMC_Run.out
